Symbol range map extraction starting
Processing 131 files
startProcessing "Blocks\BlockAccelerateStone.java" md5: 3df0ce16e96004274e9b8fbe8e78665d
endProcessing "Blocks\BlockAccelerateStone.java"

startProcessing "Blocks\BlockAwakenedSpawner.java" md5: 935a3b2cb39cbfb1b321a0700da0d2ae
endProcessing "Blocks\BlockAwakenedSpawner.java"

startProcessing "Blocks\BlockCabinetStone.java" md5: 8a4242847a4806347bd0b9318fbb111d
endProcessing "Blocks\BlockCabinetStone.java"

startProcessing "Blocks\BlockClearGlass.java" md5: 45bce0cd9a0836c2bf0fba4e3d451bb7
endProcessing "Blocks\BlockClearGlass.java"

startProcessing "Blocks\BlockCodensedExperienceOre.java" md5: 6c200601e2a5e08c9b03918ecba062d5
endProcessing "Blocks\BlockCodensedExperienceOre.java"

startProcessing "Blocks\BlockEIHopper.java" md5: b65b3370214325ed08ea739118040140
endProcessing "Blocks\BlockEIHopper.java"

startProcessing "Blocks\BlockExperienceOre.java" md5: 1733217cd9e0b96af1c1237aed82109a
endProcessing "Blocks\BlockExperienceOre.java"

startProcessing "Blocks\BlockGrowthStone.java" md5: 7acc43e627addcf6b4b5e4d06d6e7f9f
endProcessing "Blocks\BlockGrowthStone.java"

startProcessing "Blocks\BlockHighFrequencyRedStone.java" md5: 493508d35809c253c06fa407cf5dc52b
endProcessing "Blocks\BlockHighFrequencyRedStone.java"

startProcessing "Blocks\BlockMod.java" md5: 2e7f91539baa715e8586230b2ee40aba
endProcessing "Blocks\BlockMod.java"

startProcessing "Blocks\BlockPureExperience.java" md5: ea68f45f6d15a48b63333f4a95fb9f44
endProcessing "Blocks\BlockPureExperience.java"

startProcessing "Blocks\BlockRackManager.java" md5: f30d72fdc3d1ff91d11c9d118e3d72f6
endProcessing "Blocks\BlockRackManager.java"

startProcessing "Blocks\BlockRitual.java" md5: 0c429f3997e34c19e36ebb676fb66f26
endProcessing "Blocks\BlockRitual.java"

startProcessing "Blocks\BlockRitualGlass.java" md5: ef695d43395ed8de953a9b520e22849b
endProcessing "Blocks\BlockRitualGlass.java"

startProcessing "Blocks\BlockRitualLauncher.java" md5: 0b573e01970350324305796444aec8a8
endProcessing "Blocks\BlockRitualLauncher.java"

startProcessing "Blocks\BlockRitualStone.java" md5: d4100e7b82b762f60e32577cf0b934fc
endProcessing "Blocks\BlockRitualStone.java"

startProcessing "Blocks\BlockStorageRack.java" md5: 850b87f34f18759270ace6d8f1dfd050
endProcessing "Blocks\BlockStorageRack.java"

startProcessing "Blocks\BlockWEIHopper.java" md5: aed46049d6afcbdf3283e07f460f3471
endProcessing "Blocks\BlockWEIHopper.java"

startProcessing "Blocks\Dirt\BlockEADirt.java" md5: b13e219bd027c080dfd70f558ac05bc1
endProcessing "Blocks\Dirt\BlockEADirt.java"

startProcessing "Blocks\Dirt\BlockEnrichedFarmLand.java" md5: 3476bcfe168564cc309380c2f3c52047
endProcessing "Blocks\Dirt\BlockEnrichedFarmLand.java"

startProcessing "Blocks\Dirt\BlockPath.java" md5: 6ecf23fbe7ceb93be9801f8ab5865f39
endProcessing "Blocks\Dirt\BlockPath.java"

startProcessing "Blocks\Dirt\BlockRottenDirt.java" md5: 9a56f3ceba786c5bf9b470cadd21c9f5
endProcessing "Blocks\Dirt\BlockRottenDirt.java"

startProcessing "Blocks\ILeftClick.java" md5: 42f885b81eaafda14da501f274135bfd
endProcessing "Blocks\ILeftClick.java"

startProcessing "Client\ClientProxy.java" md5: d03632dcbde8acd47bb5e171deb92c85
endProcessing "Client\ClientProxy.java"

startProcessing "Client\EACraftingEvent.java" md5: 861ab8842a11a971a223d4671077364b
endProcessing "Client\EACraftingEvent.java"

startProcessing "Client\Particle\ParticleEABase.java" md5: e782ed92ac6a0684b606a6573ce824c3
endProcessing "Client\Particle\ParticleEABase.java"

startProcessing "Client\Particle\TextureStitcherBreathFX.java" md5: 3175a705ef53b729260a5c73de411e11
endProcessing "Client\Particle\TextureStitcherBreathFX.java"

startProcessing "Client\RepairCraftingEvent.java" md5: 0a87e1d633a2d21631704671da1f9359
endProcessing "Client\RepairCraftingEvent.java"

startProcessing "Client\TileStorageRackRenderer.java" md5: a968f52eefaed301b0bd347079e24aee
endProcessing "Client\TileStorageRackRenderer.java"

startProcessing "Client\TooltipHandler.java" md5: 28e5160a9ba060bcb1e227437d6392b8
endProcessing "Client\TooltipHandler.java"

startProcessing "Common\BlockLeftClick.java" md5: 8b739f4553ea1edcc017a40655b065c8
endProcessing "Common\BlockLeftClick.java"

startProcessing "Common\CommonProxy.java" md5: b21fe2b248aa1ceaccdae24a9ddd00bb
endProcessing "Common\CommonProxy.java"

startProcessing "Common\DeathEnderDragon.java" md5: 4012610cc80290238dafeb9eb4120e56
endProcessing "Common\DeathEnderDragon.java"

startProcessing "Common\DeathVillager.java" md5: 17d29e465fa7e2ed45df5159a65e6c1d
endProcessing "Common\DeathVillager.java"

startProcessing "Common\FlyingSpellPaper\HasItemUpdate.java" md5: c2d96c6f19a5c255432cbacded11f800
endProcessing "Common\FlyingSpellPaper\HasItemUpdate.java"

startProcessing "Common\PotionStateProtection.java" md5: 674eb125187f771af283717a3eea2c67
endProcessing "Common\PotionStateProtection.java"

startProcessing "ExperienceApple\EAMain.java" md5: fe783b426df791e86a96f25ef35203ff
endProcessing "ExperienceApple\EAMain.java"

startProcessing "ExperienceApple\ITooltip.java" md5: 818e4f646ebd59dcc62583fee1de9268
endProcessing "ExperienceApple\ITooltip.java"

startProcessing "ExperienceApple\Register\BlockRegister.java" md5: edfd96b6894e199ac7a4d5f29e5ccb9c
endProcessing "ExperienceApple\Register\BlockRegister.java"

startProcessing "ExperienceApple\Register\EntityRegister.java" md5: 6a70c935f8eea1a8d7da35b6d6bde796
endProcessing "ExperienceApple\Register\EntityRegister.java"

startProcessing "ExperienceApple\Register\ItemRegister.java" md5: d80191ff66cc151405446cb96a458a04
endProcessing "ExperienceApple\Register\ItemRegister.java"

startProcessing "ExperienceApple\Register\PotionRegister.java" md5: 509196936f0f903a674c366c0ff98119
endProcessing "ExperienceApple\Register\PotionRegister.java"

startProcessing "ExperienceApple\Register\RecipeRegister.java" md5: 46e5b4452d548488e1c2f55fb8692ea8
endProcessing "ExperienceApple\Register\RecipeRegister.java"

startProcessing "ExperienceApple\Register\RitualRegister.java" md5: 5ae5d718f4b069dbab2cf978801303e5
endProcessing "ExperienceApple\Register\RitualRegister.java"

startProcessing "ExperienceApple\TabExperienceApple.java" md5: 869352b6f5c38a899d360cda06422140
endProcessing "ExperienceApple\TabExperienceApple.java"

startProcessing "Item\Armors\ItemAdvancedExperienceIronArmor.java" md5: 3c8f2719487a375c6f4905c49e47d237
endProcessing "Item\Armors\ItemAdvancedExperienceIronArmor.java"

startProcessing "Item\Armors\ItemExperienceIronArmor.java" md5: f396ae81c201be9b71a0c74328a127a1
endProcessing "Item\Armors\ItemExperienceIronArmor.java"

startProcessing "Item\Armors\ItemWeakExperienceIronArmor.java" md5: 73466f4a39b28b9db461c84894f64d14
endProcessing "Item\Armors\ItemWeakExperienceIronArmor.java"

startProcessing "Item\ExperienceRepair.java" md5: 84e56829694c49763e354bffc914b87f
endProcessing "Item\ExperienceRepair.java"

startProcessing "Item\IExperienceRepair.java" md5: 21116507544352c5dfe753cb92a9e703
endProcessing "Item\IExperienceRepair.java"

startProcessing "Item\ItemAshIngot.java" md5: 6ec063ce3dac76e0b64d45b932b1fdaa
endProcessing "Item\ItemAshIngot.java"

startProcessing "Item\ItemAshOfBalance.java" md5: ea42fc9a86c80ff1d035a5b4386d94a3
endProcessing "Item\ItemAshOfBalance.java"

startProcessing "Item\ItemAshOfEntropy.java" md5: cae8b07b5633604cc6b5f73e3848e75c
endProcessing "Item\ItemAshOfEntropy.java"

startProcessing "Item\ItemAshOfOrder.java" md5: 1799c62218fe9c6be6413c0b4936ac90
endProcessing "Item\ItemAshOfOrder.java"

startProcessing "Item\ItemCompressed.java" md5: b40342d003baf5f5a6e2aeb1f3ce6a5e
endProcessing "Item\ItemCompressed.java"

startProcessing "Item\ItemDebug.java" md5: 9df1497d18c5a68f9c47d3791e408d27
endProcessing "Item\ItemDebug.java"

startProcessing "Item\ItemEnchantmentPearl.java" md5: 7a2daa7fb04a4de46456a4d6fdbcf74e
endProcessing "Item\ItemEnchantmentPearl.java"

startProcessing "Item\ItemExperienceApple.java" md5: 19bc884d9bcf7e4a517d3fcf0f597669
endProcessing "Item\ItemExperienceApple.java"

startProcessing "Item\ItemFragmentOfTheBrain.java" md5: 29ff251e7d910b154d9ac6d2f726c43c
endProcessing "Item\ItemFragmentOfTheBrain.java"

startProcessing "Item\ItemGravityCompressor.java" md5: e13a12b0525eb6b157fd1df675c20a56
endProcessing "Item\ItemGravityCompressor.java"

startProcessing "Item\ItemMod.java" md5: a5ed0d345829fcecc483e411f2c2cee2
endProcessing "Item\ItemMod.java"

startProcessing "Item\ItemModFood.java" md5: e372308313f9355f70a43805a6014169
endProcessing "Item\ItemModFood.java"

startProcessing "Item\ItemRegisteredExperienceApple.java" md5: da2f9ba8f2ceeb019cc737b13e1c0ee6
endProcessing "Item\ItemRegisteredExperienceApple.java"

startProcessing "Item\ItemRitualAssembler.java" md5: de39ce11362b6a3bd4359776ca5ed7cb
endProcessing "Item\ItemRitualAssembler.java"

startProcessing "Item\ItemSuperDye.java" md5: e5025e40dc0ed3c6e2355addcab1433c
endProcessing "Item\ItemSuperDye.java"

startProcessing "Item\ItemTimeSand.java" md5: caab63fb1f26ca9a289c980da5853b1a
endProcessing "Item\ItemTimeSand.java"

startProcessing "Item\ItemUniversalNutrient.java" md5: f7f363bf939db2a34e99c605eec65c98
endProcessing "Item\ItemUniversalNutrient.java"

startProcessing "Item\ItemWarpStone.java" md5: e9b7ffce560cb9b417098cf835674904
endProcessing "Item\ItemWarpStone.java"

startProcessing "Item\SpellPapers\ItemAcceleratedSpellPaper.java" md5: 8a469df838f3bdbec89ff30007878a4e
endProcessing "Item\SpellPapers\ItemAcceleratedSpellPaper.java"

startProcessing "Item\SpellPapers\ItemFlyingSpellPaper.java" md5: 12ff260724491acf9ea0c9970b68f6af
endProcessing "Item\SpellPapers\ItemFlyingSpellPaper.java"

startProcessing "Item\SpellPapers\ItemSatietySpellPaper.java" md5: 64be2c8637b6918b2478c3015e73c44f
endProcessing "Item\SpellPapers\ItemSatietySpellPaper.java"

startProcessing "Item\Tools\ItemAdvancedExperienceIronAxe.java" md5: d33173ce3ae3f93f38a6c6803522371b
endProcessing "Item\Tools\ItemAdvancedExperienceIronAxe.java"

startProcessing "Item\Tools\ItemAdvancedExperienceIronPickaxe.java" md5: 65e8d18cd2e5b00bc1516edac0ab2698
endProcessing "Item\Tools\ItemAdvancedExperienceIronPickaxe.java"

startProcessing "Item\Tools\ItemAdvancedExperienceIronShovel.java" md5: 7cd2eb4995fd11f9c3aba2c5616a15ef
endProcessing "Item\Tools\ItemAdvancedExperienceIronShovel.java"

startProcessing "Item\Tools\ItemAdvancedExperienceIronSword.java" md5: b7817ac87c46f3c0164345cc1655eb69
endProcessing "Item\Tools\ItemAdvancedExperienceIronSword.java"

startProcessing "Item\Tools\ItemAtomicCutter.java" md5: f47fb2d478996e2f3fec8bef2a5b3cb5
endProcessing "Item\Tools\ItemAtomicCutter.java"

startProcessing "Item\Tools\ItemExperienceIronAxe.java" md5: 7bd7f8dde7f079a26177238feba56417
endProcessing "Item\Tools\ItemExperienceIronAxe.java"

startProcessing "Item\Tools\ItemExperienceIronPickaxe.java" md5: d2c440a243e61d07e7f3a1bd83bfbcc2
endProcessing "Item\Tools\ItemExperienceIronPickaxe.java"

startProcessing "Item\Tools\ItemExperienceIronShovel.java" md5: 9eea95e18c652e500b892609dac41bc0
endProcessing "Item\Tools\ItemExperienceIronShovel.java"

startProcessing "Item\Tools\ItemExperienceIronSword.java" md5: 2277ccfad8dcb09cd689e33261582286
endProcessing "Item\Tools\ItemExperienceIronSword.java"

startProcessing "Item\Tools\ItemFeatherSword.java" md5: e76f497570849d15fc311bc83732623e
endProcessing "Item\Tools\ItemFeatherSword.java"

startProcessing "Item\Tools\ItemMagicBow.java" md5: ae1c8953934b69da930d678295a0dbf0
endProcessing "Item\Tools\ItemMagicBow.java"

startProcessing "Item\Tools\ItemUnstableAxe.java" md5: e604011f6da90fa866df1431c62d9848
endProcessing "Item\Tools\ItemUnstableAxe.java"

startProcessing "Item\Tools\ItemWeakExperienceIronAxe.java" md5: c23a9eeb592ade4143adfe5a2761aa56
endProcessing "Item\Tools\ItemWeakExperienceIronAxe.java"

startProcessing "Item\Tools\ItemWeakExperienceIronPickaxe.java" md5: 04f7a970f938c3aeac3a7004c403e3e3
endProcessing "Item\Tools\ItemWeakExperienceIronPickaxe.java"

startProcessing "Item\Tools\ItemWeakExperienceIronShovel.java" md5: f51e67815a41ed19ef3bdc2612053670
endProcessing "Item\Tools\ItemWeakExperienceIronShovel.java"

startProcessing "Item\Tools\ItemWeakExperienceIronSword.java" md5: 4826aaba8826203f713160c4563a0285
endProcessing "Item\Tools\ItemWeakExperienceIronSword.java"

startProcessing "Potion\PotionRetention.java" md5: 820e018f5580891385921d9eb962e4cc
endProcessing "Potion\PotionRetention.java"

startProcessing "Potion\PotionStateProtection.java" md5: f02058863c536961b6a520cc1518b960
endProcessing "Potion\PotionStateProtection.java"

startProcessing "Recipes\EACraft.java" md5: 326fcbd742d1a0a153e589c7c774da39
endProcessing "Recipes\EACraft.java"

startProcessing "Recipes\EnchCraft.java" md5: 2d13d47dcc40748342f1a1d41b8fb354
endProcessing "Recipes\EnchCraft.java"

startProcessing "Recipes\RepairCraft.java" md5: 0246ffbcc9be835693d73db62ff4c659
endProcessing "Recipes\RepairCraft.java"

startProcessing "Rituals\EnumRitualStones.java" md5: 5a6724b25bd065977d97e8d47df1e59a
endProcessing "Rituals\EnumRitualStones.java"

startProcessing "Rituals\RitualCore.java" md5: f24b447bb04535e1c6de4d91c3b3dc0f
endProcessing "Rituals\RitualCore.java"

startProcessing "Rituals\RitualRegistry.java" md5: 33a4938c1ed3e7db322cdf838a84e035
endProcessing "Rituals\RitualRegistry.java"

startProcessing "Rituals\Rituals\Ritual.java" md5: 4420ffc47f43f4b5bf0ed55adda34550
endProcessing "Rituals\Rituals\Ritual.java"

startProcessing "Rituals\Rituals\RitualBlockCut.java" md5: 0038c0c83a1775221e1d874d6f5be10d
endProcessing "Rituals\Rituals\RitualBlockCut.java"

startProcessing "Rituals\Rituals\RitualCollection.java" md5: 2954b98a2b173a6e4e652d7f85955dc3
endProcessing "Rituals\Rituals\RitualCollection.java"

startProcessing "Rituals\Rituals\RitualCraft\RitualCraft.java" md5: 0213fe63ca1ff61afee1ac6808906a04
endProcessing "Rituals\Rituals\RitualCraft\RitualCraft.java"

startProcessing "Rituals\Rituals\RitualCraft\RitualCraftCore.java" md5: 34f285df7db0cf601fd9c5630a4e4ceb
endProcessing "Rituals\Rituals\RitualCraft\RitualCraftCore.java"

startProcessing "Rituals\Rituals\RitualCraft\RitualCraftRegister.java" md5: 4f422a6b5eeffdec786efd36bc57265b
endProcessing "Rituals\Rituals\RitualCraft\RitualCraftRegister.java"

startProcessing "Rituals\Rituals\RitualCreateLava.java" md5: de10e501ddcd5859976b9b397dcc6072
endProcessing "Rituals\Rituals\RitualCreateLava.java"

startProcessing "Rituals\Rituals\RitualCreateWater.java" md5: 193e715a9ede7310962d974be196b4f5
endProcessing "Rituals\Rituals\RitualCreateWater.java"

startProcessing "Rituals\Rituals\RitualEggization.java" md5: 818fb795cebe47d9b874ec38379deaf1
endProcessing "Rituals\Rituals\RitualEggization.java"

startProcessing "Rituals\Rituals\RitualExplode.java" md5: 6fd458165ffac434f30eb1344247a75b
endProcessing "Rituals\Rituals\RitualExplode.java"

startProcessing "Rituals\Rituals\RitualInjection\RitualInjection.java" md5: 355cfc3c8be9a7cd5b7575098211ffc4
endProcessing "Rituals\Rituals\RitualInjection\RitualInjection.java"

startProcessing "Rituals\Rituals\RitualInjection\RitualInjectionCore.java" md5: 33008531e1acc4998094fb283d380bcb
endProcessing "Rituals\Rituals\RitualInjection\RitualInjectionCore.java"

startProcessing "Rituals\Rituals\RitualInjection\RitualInjectionRegister.java" md5: 8584ac3f3b6a583cf9ea4ed32dfea224
endProcessing "Rituals\Rituals\RitualInjection\RitualInjectionRegister.java"

startProcessing "Rituals\Rituals\RitualSpawnerActivation.java" md5: ca3bb8ce1c1b8f05c2a0ab2d1cf58c4d
endProcessing "Rituals\Rituals\RitualSpawnerActivation.java"

startProcessing "Rituals\StonePosData.java" md5: 27a86bd8409eb93cf2b8900082084a17
endProcessing "Rituals\StonePosData.java"

startProcessing "TileEntity\AwekenedSpawnerBaseLogic.java" md5: e9b6d468cbc5cd8d75ec01b3dc3b6884
endProcessing "TileEntity\AwekenedSpawnerBaseLogic.java"

startProcessing "TileEntity\TileAccelerateStone.java" md5: d35b3126af127fb01578cc29f9c91368
endProcessing "TileEntity\TileAccelerateStone.java"

startProcessing "TileEntity\TileAwakenedSpawner.java" md5: 8688e2d01c3783d91953d0c476000ace
endProcessing "TileEntity\TileAwakenedSpawner.java"

startProcessing "TileEntity\TileEIHopper.java" md5: 2258123b68f6bb69261b344e068206ee
endProcessing "TileEntity\TileEIHopper.java"

startProcessing "TileEntity\TileGrowthStone.java" md5: f2adbba104621f634c9aeeff66643457
endProcessing "TileEntity\TileGrowthStone.java"

startProcessing "TileEntity\TileHighFrequencyRedStone.java" md5: 65099a258a44c6b3b632d7b094ec3c08
endProcessing "TileEntity\TileHighFrequencyRedStone.java"

startProcessing "TileEntity\TileRackManager.java" md5: aae719aabfc6a52f3e520efdb17583eb
endProcessing "TileEntity\TileRackManager.java"

startProcessing "TileEntity\TileRitualLauncher.java" md5: ea83bbe6548e7497801abef1c38fd9fe
endProcessing "TileEntity\TileRitualLauncher.java"

startProcessing "TileEntity\TileStorageRack.java" md5: a087a4d1694faf6941eed88b52f8cb76
endProcessing "TileEntity\TileStorageRack.java"

startProcessing "TileEntity\TileWEIHopper.java" md5: 427faadc016dd073cf2f5a8ace855d80
endProcessing "TileEntity\TileWEIHopper.java"

startProcessing "Util\BlockAndPos.java" md5: f71f053c207d06ebedf2e41b93cd6e60
endProcessing "Util\BlockAndPos.java"

startProcessing "Util\EntityItemUtil.java" md5: 93d362dc24a755481efb06c330ad4032
endProcessing "Util\EntityItemUtil.java"

startProcessing "Util\EntityUtil.java" md5: 88e3cf8a0d29219079b754f96902031f
endProcessing "Util\EntityUtil.java"

startProcessing "Util\ExperienceUtil.java" md5: 7fe5313025777cb5669cd9f3426f2eb6
endProcessing "Util\ExperienceUtil.java"

startProcessing "Util\InventoryUtil.java" md5: 07bda9aaca6db30318714bf8d83269ff
endProcessing "Util\InventoryUtil.java"

startProcessing "Util\ItemAndAmount.java" md5: 6b269bc849c64a8635576aa5a43bda5e
endProcessing "Util\ItemAndAmount.java"

startProcessing "Util\ItemList.java" md5: 7b4e05ef3b30537790fffacc37e6d70c
endProcessing "Util\ItemList.java"

startProcessing "Util\ParticleUtil.java" md5: a928c96bc15c7a36840823edfa206a88
endProcessing "Util\ParticleUtil.java"

startProcessing "Util\PlayerUtil.java" md5: 9312138a4e6f2ceef07cfca529347ee8
endProcessing "Util\PlayerUtil.java"

startProcessing "Util\Position3D.java" md5: f18e7388be7a9d5c4cab94bf3f78037c
endProcessing "Util\Position3D.java"

startProcessing "World\ExperienceOreGenerator.java" md5: 51dfa428c2143c932e69180078c4303f
endProcessing "World\ExperienceOreGenerator.java"

